E:\My Projects\Filory\ClientApp\e2e\app.po.js
E:\My Projects\Filory\ClientApp\e2e\app.po.js.map
E:\My Projects\Filory\ClientApp\e2e\app.e2e-spec.js
E:\My Projects\Filory\ClientApp\e2e\app.e2e-spec.js.map
E:\My Projects\Filory\ClientApp\src\app\app.component.js
E:\My Projects\Filory\ClientApp\src\app\app.component.js.map
E:\My Projects\Filory\ClientApp\src\app\auth\auth.component.js
E:\My Projects\Filory\ClientApp\src\app\auth\auth.component.js.map
E:\My Projects\Filory\ClientApp\src\app\app.module.js
E:\My Projects\Filory\ClientApp\src\app\app.module.js.map
E:\My Projects\Filory\ClientApp\src\environments\environment.js
E:\My Projects\Filory\ClientApp\src\environments\environment.js.map
E:\My Projects\Filory\ClientApp\src\main.js
E:\My Projects\Filory\ClientApp\src\main.js.map
E:\My Projects\Filory\ClientApp\src\polyfills.js
E:\My Projects\Filory\ClientApp\src\polyfills.js.map
E:\My Projects\Filory\ClientApp\src\test.js
E:\My Projects\Filory\ClientApp\src\test.js.map
E:\My Projects\Filory\ClientApp\src\app\app.component.spec.js
E:\My Projects\Filory\ClientApp\src\app\app.component.spec.js.map
E:\My Projects\Filory\ClientApp\src\app\auth\login\login.component.js
E:\My Projects\Filory\ClientApp\src\app\auth\login\login.component.js.map
E:\My Projects\Filory\ClientApp\src\app\auth\registration\registration.component.js
E:\My Projects\Filory\ClientApp\src\app\auth\registration\registration.component.js.map
E:\My Projects\Filory\ClientApp\src\environments\environment.prod.js
E:\My Projects\Filory\ClientApp\src\environments\environment.prod.js.map
